<?xml version="1.0" encoding="UTF-8" ?>
<testsuite failures="0" time="0.966" errors="1" skipped="0" tests="1" name="com.sap.nw.arquillian.test.FirstTest">
  <properties>
    <property name="java.runtime.name" value="Java(TM) SE Runtime Environment"/>
    <property name="sun.boot.library.path" value="C:\Program Files\Java\jdk1.7.0_04\jre\bin"/>
    <property name="java.vm.version" value="23.0-b21"/>
    <property name="user.country.format" value="BG"/>
    <property name="java.vm.vendor" value="Oracle Corporation"/>
    <property name="java.vendor.url" value="http://java.oracle.com/"/>
    <property name="path.separator" value=";"/>
    <property name="guice.disable.misplaced.annotation.check" value="true"/>
    <property name="java.vm.name" value="Java HotSpot(TM) 64-Bit Server VM"/>
    <property name="file.encoding.pkg" value="sun.io"/>
    <property name="user.script" value=""/>
    <property name="user.country" value="US"/>
    <property name="sun.java.launcher" value="SUN_STANDARD"/>
    <property name="sun.os.patch.level" value="Service Pack 1"/>
    <property name="java.vm.specification.name" value="Java Virtual Machine Specification"/>
    <property name="user.dir" value="C:\pnt\dev\git\arquillian-container-netweaver\testapp"/>
    <property name="java.runtime.version" value="1.7.0_04-b22"/>
    <property name="java.awt.graphicsenv" value="sun.awt.Win32GraphicsEnvironment"/>
    <property name="java.endorsed.dirs" value="C:\Program Files\Java\jdk1.7.0_04\jre\lib\endorsed"/>
    <property name="os.arch" value="amd64"/>
    <property name="java.io.tmpdir" value="C:\Users\i061675\AppData\Local\Temp\"/>
    <property name="line.separator" value="
"/>
    <property name="java.vm.specification.vendor" value="Oracle Corporation"/>
    <property name="user.variant" value=""/>
    <property name="os.name" value="Windows 7"/>
    <property name="classworlds.conf" value="C:\pnt\dev\eclipse\workspace\.metadata\.plugins\org.eclipse.m2e.core\launches\m2conf5597186020077992148.tmp"/>
    <property name="sun.jnu.encoding" value="Cp1252"/>
    <property name="java.library.path" value="C:\Program Files\Java\jdk1.7.0_04\bin;C:\WINDOWS\Sun\Java\bin;C:\WINDOWS\system32;C:\WINDOWS;C:\WINDOWS\system32;C:\WINDOWS;C:\WINDOWS\System32\Wbem;C:\WINDOWS\System32\WindowsPowerShell\v1.0\;C:\Program Files (x86)\Microsoft Application Virtualization Client;c:\Program Files (x86)\Open Text\View\bin;C:\Program Files\ThinkPad\Bluetooth Software\;C:\Program Files\ThinkPad\Bluetooth Software\syswow64;C:\Program Files\Broadcom\WHL\;C:\Program Files\Broadcom\WHL\syswow64;C:\Program Files\Broadcom\WHL\SysWow64\;C:\Program Files\Broadcom\WHL\SysWow64\syswow64;C:\Program Files (x86)\Java\jdk1.6.0_32\bin;C:\Program Files\Perforce;C:\pnt\dev\japro\maketools\bin;C:\pnt\dev\japro\maketools\bin;."/>
    <property name="java.specification.name" value="Java Platform API Specification"/>
    <property name="java.class.version" value="51.0"/>
    <property name="sun.management.compiler" value="HotSpot 64-Bit Tiered Compilers"/>
    <property name="os.version" value="6.1"/>
    <property name="user.home" value="C:\Users\i061675"/>
    <property name="user.timezone" value="Europe/Helsinki"/>
    <property name="java.awt.printerjob" value="sun.awt.windows.WPrinterJob"/>
    <property name="java.specification.version" value="1.7"/>
    <property name="file.encoding" value="Cp1252"/>
    <property name="user.name" value="I061675"/>
    <property name="java.class.path" value="/C:/pnt/dev/eclipse/configuration/org.eclipse.osgi/bundles/454/1/.cp/jars/plexus-classworlds-2.4.jar"/>
    <property name="java.vm.specification.version" value="1.7"/>
    <property name="sun.arch.data.model" value="64"/>
    <property name="java.home" value="C:\Program Files\Java\jdk1.7.0_04\jre"/>
    <property name="sun.java.command" value="org.codehaus.plexus.classworlds.launcher.Launcher -B -X -e -s C:\Users\i061675\.m2\settings.xml clean install"/>
    <property name="java.specification.vendor" value="Oracle Corporation"/>
    <property name="user.language" value="en"/>
    <property name="user.language.format" value="bg"/>
    <property name="awt.toolkit" value="sun.awt.windows.WToolkit"/>
    <property name="java.vm.info" value="mixed mode"/>
    <property name="java.version" value="1.7.0_04"/>
    <property name="java.ext.dirs" value="C:\Program Files\Java\jdk1.7.0_04\jre\lib\ext;C:\WINDOWS\Sun\Java\lib\ext"/>
    <property name="sun.boot.class.path" value="C:\Program Files\Java\jdk1.7.0_04\jre\lib\resources.jar;C:\Program Files\Java\jdk1.7.0_04\jre\lib\rt.jar;C:\Program Files\Java\jdk1.7.0_04\jre\lib\sunrsasign.jar;C:\Program Files\Java\jdk1.7.0_04\jre\lib\jsse.jar;C:\Program Files\Java\jdk1.7.0_04\jre\lib\jce.jar;C:\Program Files\Java\jdk1.7.0_04\jre\lib\charsets.jar;C:\Program Files\Java\jdk1.7.0_04\jre\lib\jfr.jar;C:\Program Files\Java\jdk1.7.0_04\jre\classes"/>
    <property name="java.vendor" value="Oracle Corporation"/>
    <property name="maven.home" value="C:\pnt\dev\git\arquillian-container-netweaver\testapp\EMBEDDED"/>
    <property name="file.separator" value="\"/>
    <property name="java.vendor.url.bug" value="http://bugreport.sun.com/bugreport/"/>
    <property name="sun.cpu.endian" value="little"/>
    <property name="sun.io.unicode.encoding" value="UnicodeLittle"/>
    <property name="sun.desktop" value="windows"/>
    <property name="sun.cpu.isalist" value="amd64"/>
  </properties>
  <testcase time="0.966" classname="com.sap.nw.arquillian.test.FirstTest" name="shouldReturnString">
    <error message="Could not create new instance of class org.jboss.arquillian.test.impl.EventTestRunnerAdaptor" type="java.lang.RuntimeException">java.lang.RuntimeException: Could not create new instance of class org.jboss.arquillian.test.impl.EventTestRunnerAdaptor
	at org.jboss.arquillian.test.spi.SecurityActions.newInstance(SecurityActions.java:160)
	at org.jboss.arquillian.test.spi.SecurityActions.newInstance(SecurityActions.java:111)
	at org.jboss.arquillian.test.spi.SecurityActions.newInstance(SecurityActions.java:97)
	at org.jboss.arquillian.test.spi.TestRunnerAdaptorBuilder.build(TestRunnerAdaptorBuilder.java:52)
	at org.jboss.arquillian.junit.Arquillian.run(Arquillian.java:93)
	at org.junit.runner.JUnitCore.run(JUnitCore.java:152)
	at org.junit.runner.JUnitCore.run(JUnitCore.java:131)
	at org.jboss.arquillian.junit.container.JUnitTestRunner.execute(JUnitTestRunner.java:65)
	at org.jboss.arquillian.protocol.servlet.runner.ServletTestRunner.executeTest(ServletTestRunner.java:160)
	at org.jboss.arquillian.protocol.servlet.runner.ServletTestRunner.execute(ServletTestRunner.java:126)
	at org.jboss.arquillian.protocol.servlet.runner.ServletTestRunner.doGet(ServletTestRunner.java:90)
	at javax.servlet.http.HttpServlet.service(HttpServlet.java:734)
	at javax.servlet.http.HttpServlet.service(HttpServlet.java:847)
	at com.sap.engine.services.servlets_jsp.server.Invokable.invoke(Invokable.java:152)
	at com.sap.engine.services.servlets_jsp.server.Invokable.invoke(Invokable.java:38)
	at com.sap.engine.services.servlets_jsp.server.HttpHandlerImpl.runServlet(HttpHandlerImpl.java:457)
	at com.sap.engine.services.servlets_jsp.server.HttpHandlerImpl.handleRequest(HttpHandlerImpl.java:210)
	at com.sap.engine.services.httpserver.server.RequestAnalizer.startServlet(RequestAnalizer.java:441)
	at com.sap.engine.services.httpserver.server.RequestAnalizer.startServlet(RequestAnalizer.java:430)
	at com.sap.engine.services.servlets_jsp.filters.DSRWebContainerFilter.process(DSRWebContainerFilter.java:38)
	at com.sap.engine.services.httpserver.chain.AbstractChain.process(AbstractChain.java:78)
	at com.sap.engine.services.servlets_jsp.filters.ServletSelector.process(ServletSelector.java:81)
	at com.sap.engine.services.httpserver.chain.AbstractChain.process(AbstractChain.java:78)
	at com.sap.engine.services.servlets_jsp.filters.ApplicationSelector.process(ApplicationSelector.java:278)
	at com.sap.engine.services.httpserver.chain.AbstractChain.process(AbstractChain.java:78)
	at com.sap.engine.services.httpserver.filters.WebContainerInvoker.process(WebContainerInvoker.java:81)
	at com.sap.engine.services.httpserver.chain.HostFilter.process(HostFilter.java:9)
	at com.sap.engine.services.httpserver.chain.AbstractChain.process(AbstractChain.java:78)
	at com.sap.engine.services.httpserver.filters.ResponseLogWriter.process(ResponseLogWriter.java:60)
	at com.sap.engine.services.httpserver.chain.HostFilter.process(HostFilter.java:9)
	at com.sap.engine.services.httpserver.chain.AbstractChain.process(AbstractChain.java:78)
	at com.sap.engine.services.httpserver.filters.DefineHostFilter.process(DefineHostFilter.java:27)
	at com.sap.engine.services.httpserver.chain.ServerFilter.process(ServerFilter.java:12)
	at com.sap.engine.services.httpserver.chain.AbstractChain.process(AbstractChain.java:78)
	at com.sap.engine.services.httpserver.filters.MonitoringFilter.process(MonitoringFilter.java:29)
	at com.sap.engine.services.httpserver.chain.ServerFilter.process(ServerFilter.java:12)
	at com.sap.engine.services.httpserver.chain.AbstractChain.process(AbstractChain.java:78)
	at com.sap.engine.services.httpserver.filters.SessionSizeFilter.process(SessionSizeFilter.java:26)
	at com.sap.engine.services.httpserver.chain.ServerFilter.process(ServerFilter.java:12)
	at com.sap.engine.services.httpserver.chain.AbstractChain.process(AbstractChain.java:78)
	at com.sap.engine.services.httpserver.filters.MemoryStatisticFilter.process(MemoryStatisticFilter.java:57)
	at com.sap.engine.services.httpserver.chain.ServerFilter.process(ServerFilter.java:12)
	at com.sap.engine.services.httpserver.chain.AbstractChain.process(AbstractChain.java:78)
	at com.sap.engine.services.httpserver.filters.DSRHttpFilter.process(DSRHttpFilter.java:43)
	at com.sap.engine.services.httpserver.chain.ServerFilter.process(ServerFilter.java:12)
	at com.sap.engine.services.httpserver.chain.AbstractChain.process(AbstractChain.java:78)
	at com.sap.engine.services.httpserver.server.Processor.chainedRequest(Processor.java:475)
	at com.sap.engine.services.httpserver.server.Processor$FCAProcessorThread.process(Processor.java:269)
	at com.sap.engine.services.httpserver.server.rcm.RequestProcessorThread.run(RequestProcessorThread.java:56)
	at com.sap.engine.core.thread.execution.Executable.run(Executable.java:122)
	at com.sap.engine.core.thread.execution.Executable.run(Executable.java:101)
	at com.sap.engine.core.thread.execution.CentralExecutor$SingleThread.run(CentralExecutor.java:328)
Caused by: java.lang.reflect.InvocationTargetException
	at sun.reflect.NativeConstructorAccessorImpl.newInstance0(Native Method)
	at sun.reflect.NativeConstructorAccessorImpl.newInstance(NativeConstructorAccessorImpl.java:39)
	at sun.reflect.DelegatingConstructorAccessorImpl.newInstance(DelegatingConstructorAccessorImpl.java:27)
	at java.lang.reflect.Constructor.newInstance(Constructor.java:513)
	at org.jboss.arquillian.test.spi.SecurityActions.newInstance(SecurityActions.java:156)
	... 51 more
Caused by: java.lang.RuntimeException: Could not create new instance of class org.jboss.arquillian.core.impl.ManagerImpl
	at org.jboss.arquillian.core.spi.SecurityActions.newInstance(SecurityActions.java:160)
	at org.jboss.arquillian.core.spi.SecurityActions.newInstance(SecurityActions.java:111)
	at org.jboss.arquillian.core.spi.SecurityActions.newInstance(SecurityActions.java:97)
	at org.jboss.arquillian.core.spi.ManagerBuilder.create(ManagerBuilder.java:77)
	at org.jboss.arquillian.test.impl.EventTestRunnerAdaptor.&lt;init&gt;(EventTestRunnerAdaptor.java:55)
	... 56 more
</error>
    <system-out>test.ear:
/lib/
/lib/arquillian-core.jar
/lib/arquillian-testenricher-nw-ejb.jar
/lib/arquillian-testenricher-ejb.jar
/lib/arquillian-junit.jar
/FirstTest.jar
/arquillian-protocol.war
</system-out>
  </testcase>
</testsuite>